<?xml version="1.0" encoding="UTF-8"?>
<testng-results ignored="0" total="3" passed="2" failed="1" skipped="0">
  <reporter-output>
  </reporter-output>
  <suite started-at="2025-02-19T12:27:44 IST" name="Default suite" finished-at="2025-02-19T12:27:58 IST" duration-ms="13618">
    <groups>
    </groups>
    <test started-at="2025-02-19T12:27:44 IST" name="Default test" finished-at="2025-02-19T12:27:58 IST" duration-ms="13618">
      <class name="com.automation.tests.LoginTest">
        <test-method is-config="true" signature="beforeSuite()[pri:0, instance:com.automation.tests.LoginTest@6aaceffd]" started-at="2025-02-19T12:27:44 IST" name="beforeSuite" finished-at="2025-02-19T12:27:44 IST" duration-ms="303" status="PASS">
          <reporter-output>
          </reporter-output>
        </test-method> <!-- beforeSuite -->
        <test-method is-config="true" signature="beforeMathod(java.lang.reflect.Method)[pri:0, instance:com.automation.tests.LoginTest@6aaceffd]" started-at="2025-02-19T12:27:44 IST" name="beforeMathod" finished-at="2025-02-19T12:27:48 IST" duration-ms="3280" status="PASS">
          <params>
            <param index="0">
              <value>
                <![CDATA[public void com.automation.tests.LoginTest.verifyInvalidLogin()]]>
              </value>
            </param>
          </params>
          <reporter-output>
          </reporter-output>
        </test-method> <!-- beforeMathod -->
        <test-method signature="verifyInvalidLogin()[pri:0, instance:com.automation.tests.LoginTest@6aaceffd]" started-at="2025-02-19T12:27:48 IST" name="verifyInvalidLogin" description="verifying Invalid login in application" finished-at="2025-02-19T12:27:48 IST" duration-ms="598" status="FAIL">
          <exception class="java.lang.AssertionError">
            <message>
              <![CDATA[Error Msg is Not Matched ...  expected [Epic sadface  Username and password do not match any user in this service] but found [Epic sadface: Username and password do not match any user in this service]]]>
            </message>
            <full-stacktrace>
              <![CDATA[java.lang.AssertionError: Error Msg is Not Matched ...  expected [Epic sadface  Username and password do not match any user in this service] but found [Epic sadface: Username and password do not match any user in this service]
at org.testng.Assert.fail(Assert.java:111)
at org.testng.Assert.failNotEquals(Assert.java:1578)
at org.testng.Assert.assertEqualsImpl(Assert.java:150)
at org.testng.Assert.assertEquals(Assert.java:132)
at org.testng.Assert.assertEquals(Assert.java:656)
at com.automation.tests.LoginTest.verifyInvalidLogin(LoginTest.java:55)
at java.base/jdk.internal.reflect.DirectMethodHandleAccessor.invoke(DirectMethodHandleAccessor.java:103)
at java.base/java.lang.reflect.Method.invoke(Method.java:580)
at org.testng.internal.invokers.MethodInvocationHelper.invokeMethod(MethodInvocationHelper.java:139)
at org.testng.internal.invokers.TestInvoker.invokeMethod(TestInvoker.java:664)
at org.testng.internal.invokers.TestInvoker.invokeTestMethod(TestInvoker.java:227)
at org.testng.internal.invokers.MethodRunner.runInSequence(MethodRunner.java:50)
at org.testng.internal.invokers.TestInvoker$MethodInvocationAgent.invoke(TestInvoker.java:957)
at org.testng.internal.invokers.TestInvoker.invokeTestMethods(TestInvoker.java:200)
at org.testng.internal.invokers.TestMethodWorker.invokeTestMethods(TestMethodWorker.java:148)
at org.testng.internal.invokers.TestMethodWorker.run(TestMethodWorker.java:128)
at java.base/java.util.ArrayList.forEach(ArrayList.java:1597)
at org.testng.TestRunner.privateRun(TestRunner.java:848)
at org.testng.TestRunner.run(TestRunner.java:621)
at org.testng.SuiteRunner.runTest(SuiteRunner.java:443)
at org.testng.SuiteRunner.runSequentially(SuiteRunner.java:437)
at org.testng.SuiteRunner.privateRun(SuiteRunner.java:397)
at org.testng.SuiteRunner.run(SuiteRunner.java:336)
at org.testng.SuiteRunnerWorker.runSuite(SuiteRunnerWorker.java:52)
at org.testng.SuiteRunnerWorker.run(SuiteRunnerWorker.java:95)
at org.testng.TestNG.runSuitesSequentially(TestNG.java:1280)
at org.testng.TestNG.runSuitesLocally(TestNG.java:1200)
at org.testng.TestNG.runSuites(TestNG.java:1114)
at org.testng.TestNG.run(TestNG.java:1082)
at org.testng.remote.AbstractRemoteTestNG.run(AbstractRemoteTestNG.java:115)
at org.testng.remote.RemoteTestNG.initAndRun(RemoteTestNG.java:293)
at org.testng.remote.RemoteTestNG.main(RemoteTestNG.java:91)
]]>
            </full-stacktrace>
          </exception> <!-- java.lang.AssertionError -->
          <reporter-output>
          </reporter-output>
        </test-method> <!-- verifyInvalidLogin -->
        <test-method is-config="true" signature="afterMathad(org.testng.ITestResult,java.lang.reflect.Method)[pri:0, instance:com.automation.tests.LoginTest@6aaceffd]" started-at="2025-02-19T12:27:48 IST" name="afterMathad" finished-at="2025-02-19T12:27:49 IST" duration-ms="881" status="PASS">
          <params>
            <param index="0">
              <value>
                <![CDATA[[TestResult name=verifyInvalidLogin status=FAILURE method=LoginTest.verifyInvalidLogin()[pri:0, instance:com.automation.tests.LoginTest@6aaceffd] output={null}]]]>
              </value>
            </param>
            <param index="1">
              <value>
                <![CDATA[public void com.automation.tests.LoginTest.verifyInvalidLogin()]]>
              </value>
            </param>
          </params>
          <reporter-output>
          </reporter-output>
        </test-method> <!-- afterMathad -->
        <test-method is-config="true" signature="beforeMathod(java.lang.reflect.Method)[pri:0, instance:com.automation.tests.LoginTest@6aaceffd]" started-at="2025-02-19T12:27:49 IST" name="beforeMathod" finished-at="2025-02-19T12:27:51 IST" duration-ms="1556" status="PASS">
          <params>
            <param index="0">
              <value>
                <![CDATA[public void com.automation.tests.LoginTest.verifyInvalidLoginByDataDriven()]]>
              </value>
            </param>
          </params>
          <reporter-output>
          </reporter-output>
        </test-method> <!-- beforeMathod -->
        <test-method signature="verifyInvalidLoginByDataDriven()[pri:0, instance:com.automation.tests.LoginTest@6aaceffd]" started-at="2025-02-19T12:27:51 IST" name="verifyInvalidLoginByDataDriven" description="Verifying Invalid Login in application with Data Driven Approach" finished-at="2025-02-19T12:27:55 IST" duration-ms="4548" status="PASS">
          <reporter-output>
          </reporter-output>
        </test-method> <!-- verifyInvalidLoginByDataDriven -->
        <test-method is-config="true" signature="afterMathad(org.testng.ITestResult,java.lang.reflect.Method)[pri:0, instance:com.automation.tests.LoginTest@6aaceffd]" started-at="2025-02-19T12:27:55 IST" name="afterMathad" finished-at="2025-02-19T12:27:55 IST" duration-ms="284" status="PASS">
          <params>
            <param index="0">
              <value>
                <![CDATA[[TestResult name=verifyInvalidLoginByDataDriven status=SUCCESS method=LoginTest.verifyInvalidLoginByDataDriven()[pri:0, instance:com.automation.tests.LoginTest@6aaceffd] output={null}]]]>
              </value>
            </param>
            <param index="1">
              <value>
                <![CDATA[public void com.automation.tests.LoginTest.verifyInvalidLoginByDataDriven()]]>
              </value>
            </param>
          </params>
          <reporter-output>
          </reporter-output>
        </test-method> <!-- afterMathad -->
        <test-method is-config="true" signature="beforeMathod(java.lang.reflect.Method)[pri:0, instance:com.automation.tests.LoginTest@6aaceffd]" started-at="2025-02-19T12:27:55 IST" name="beforeMathod" finished-at="2025-02-19T12:27:57 IST" duration-ms="1508" status="PASS">
          <params>
            <param index="0">
              <value>
                <![CDATA[public void com.automation.tests.LoginTest.verifyValidLogin()]]>
              </value>
            </param>
          </params>
          <reporter-output>
          </reporter-output>
        </test-method> <!-- beforeMathod -->
        <test-method signature="verifyValidLogin()[pri:0, instance:com.automation.tests.LoginTest@6aaceffd]" started-at="2025-02-19T12:27:57 IST" name="verifyValidLogin" description="Verifying login in application with valid details" finished-at="2025-02-19T12:27:58 IST" duration-ms="681" status="PASS">
          <reporter-output>
          </reporter-output>
        </test-method> <!-- verifyValidLogin -->
        <test-method is-config="true" signature="afterMathad(org.testng.ITestResult,java.lang.reflect.Method)[pri:0, instance:com.automation.tests.LoginTest@6aaceffd]" started-at="2025-02-19T12:27:58 IST" name="afterMathad" finished-at="2025-02-19T12:27:58 IST" duration-ms="224" status="PASS">
          <params>
            <param index="0">
              <value>
                <![CDATA[[TestResult name=verifyValidLogin status=SUCCESS method=LoginTest.verifyValidLogin()[pri:0, instance:com.automation.tests.LoginTest@6aaceffd] output={null}]]]>
              </value>
            </param>
            <param index="1">
              <value>
                <![CDATA[public void com.automation.tests.LoginTest.verifyValidLogin()]]>
              </value>
            </param>
          </params>
          <reporter-output>
          </reporter-output>
        </test-method> <!-- afterMathad -->
        <test-method is-config="true" signature="afterClass()[pri:0, instance:com.automation.tests.LoginTest@6aaceffd]" started-at="2025-02-19T12:27:58 IST" name="afterClass" finished-at="2025-02-19T12:27:59 IST" duration-ms="1488" status="PASS">
          <reporter-output>
          </reporter-output>
        </test-method> <!-- afterClass -->
      </class> <!-- com.automation.tests.LoginTest -->
    </test> <!-- Default test -->
  </suite> <!-- Default suite -->
</testng-results>
